<?xml version="1.0" encoding="UTF-8"?>
<!-- Generated by org.testng.reporters.JUnitReportReporter -->
<testsuite skipped="0" hostname="DIAMOND-QA2L" name="pkg.TC2" tests="1" failures="0" timestamp="2022-05-28T21:50:28 IST" time="0.002" errors="0">
  <testcase name="testing" time="0.002" classname="pkg.TC2"/>
  <system-out/>
</testsuite> <!-- pkg.TC2 -->
